This file contains any messages produced by compilers while
running CMake, to aid debugging if configure makes a mistake.

It was created by kimm_qpoases CMake configuration process 1.0.0, which was
generated by CMake 3.16.3.

## --------- ##
## Platform. ##
## --------- ##

hostname = ggory15
system = Linux-5.8.0-59-generic
processor = x86_64
generator = Unix Makefiles

PATH /opt/openrobots/bin
PATH /opt/ros/noetic/bin
PATH /usr/local/sbin
PATH /usr/local/bin
PATH /usr/sbin
PATH /usr/bin
PATH /sbin
PATH /bin
PATH /usr/games
PATH /usr/local/games
PATH /snap/bin

PKG_CONFIG_PATH /opt/openrobots/lib/pkgconfig
PKG_CONFIG_PATH /opt/openrobots/lib/pkgconfig
PKG_CONFIG_PATH /home/ggory15/catkin_ws/devel/lib/pkgconfig
PKG_CONFIG_PATH /opt/ros/noetic/lib/pkgconfig
PKG_CONFIG_PATH /opt/ros/noetic/lib/x86_64-linux-gnu/pkgconfig

## ---------------- ##
## CMake variables. ##
## ---------------- ##

CMAKE_ROOT = /usr/share/cmake-3.16
CMAKE_INCLUDE_PATH = 
CMAKE_LIBRARY_PATH = 
CMAKE_PREFIX_PATH = 
CMAKE_INSTALL_ALWAYS = 
CMAKE_SKIP_RPATH = NO
CMAKE_SUPPRESS_REGENERATION = 
BUILD_SHARED_LIBS = 

CMAKE_INSTALL_PREFIX = /opt/openrobots
PROJECT_SOURCE_DIR = /home/ggory15/git/kimm_qpoases
PROJECT_SOURCE_DIR = /home/ggory15/git/kimm_qpoases
PROJECT_BINARY_DIR = /home/ggory15/git/kimm_qpoases/build
CMAKE_BINARY_DIR = /home/ggory15/git/kimm_qpoases/build

CMAKE_AR = /usr/bin/ar
CMAKE_RANLIB = /usr/bin/ranlib
CMAKE_BUILD_TYPE = Release
CMAKE_CONFIGURATION_TYPES = 
CMAKE_SHARED_LINKER_FLAGS = 

CMAKE_C_COMPILER = 
CMAKE_C_FLAGS = 
CMAKE_C_FLAGS_DEBUG = 
CMAKE_C_FLAGS_RELEASE = 
CMAKE_CXX_COMPILER = /usr/bin/c++
CMAKE_CXX_FLAGS =  -pedantic -Wno-long-long -Wall -Wextra -Wcast-align -Wcast-qual -Wformat -Wwrite-strings -Wconversion 
CMAKE_CXX_FLAGS_DEBUG = -g
CMAKE_CXX_FLAGS_RELEASE = -O3 -DNDEBUG
CMAKE_CXX_FLAGS_RELWITHDEBINFO = -O2 -g -DNDEBUG

CMAKE_STATIC_LIBRARY_PREFIX = lib
CMAKE_STATIC_LIBRARY_SUFFIX = .a
CMAKE_SHARED_LIBRARY_PREFIX = lib
CMAKE_SHARED_LIBRARY_SUFFIX = .so
CMAKE_SHARED_MODULE_PREFIX = lib
CMAKE_SHARED_MODULE_SUFFIX = .so

## ------------------ ##
## Watched variables. ##
## ------------------ ##

WARNING_CXX_FLAGS =  -pedantic -Wno-long-long -Wall -Wextra -Wcast-align -Wcast-qual -Wformat -Wwrite-strings -Wconversion
_PKG_CONFIG_FOUND = undefined
PKG_CONFIG_EXECUTABLE = /usr/bin/pkg-config
_PKG_CONFIG_PREFIX = /opt/openrobots
_PKG_CONFIG_EXEC_PREFIX = /opt/openrobots
_PKG_CONFIG_LIBDIR = /opt/openrobots/lib
_PKG_CONFIG_BINDIR = /opt/openrobots/bin
_PKG_CONFIG_PKGLIBDIR = /opt/openrobots/lib/kimm_qpoases
_PKG_CONFIG_INCLUDEDIR = /opt/openrobots/include
_PKG_CONFIG_DATAROOTDIR = /opt/openrobots/share
_PKG_CONFIG_PKGDATAROOTDIR = /opt/openrobots/share
_PKG_CONFIG_DOCDIR = /opt/openrobots/share/doc/kimm_qpoases
_PKG_CONFIG_DOXYGENDOCDIR = /opt/openrobots/share/doc/kimm_qpoases/doxygen-html
_PKG_CONFIG_PROJECT_NAME = kimm_qpoases
_PKG_CONFIG_DESCRIPTION = qpOASES for KIMM
_PKG_CONFIG_URL = https://github.com/ggory15/KIMM_qpOASES
_PKG_CONFIG_VERSION = 1.0.0
_PKG_CONFIG_REQUIRES = 
_PKG_CONFIG_REQUIRES_DEBUG = 
_PKG_CONFIG_REQUIRES_OPTIMIZED = 
_PKG_CONFIG_COMPILE_TIME_REQUIRES = 
_PKG_CONFIG_CONFLICTS = 
_PKG_CONFIG_LIBS = 
_PKG_CONFIG_LIBS_DEBUG = -L${libdir}
_PKG_CONFIG_LIBS_OPTIMIZED = -L${libdir}
_PKG_CONFIG_LIBS_PRIVATE = 
_PKG_CONFIG_CFLAGS = -I${includedir}
_PKG_CONFIG_CFLAGS_DEBUG = 
_PKG_CONFIG_CFLAGS_OPTIMIZED = 
_PKG_CONFIG_FILENAME = kimm_qpoases.pc
PKG_CONFIG_EXTRA = 
## ---------------- ##
## Watched targets. ##
## ---------------- ##

